<?xml version="1.0" encoding="UTF-8"?>
<testng-results ignored="0" total="1" passed="1" failed="0" skipped="0">
  <reporter-output>
  </reporter-output>
  <suite started-at="2023-03-11T17:34:41 IST" name="Default suite" finished-at="2023-03-11T17:34:55 IST" duration-ms="14123">
    <groups>
    </groups>
    <test started-at="2023-03-11T17:34:41 IST" name="Default test" finished-at="2023-03-11T17:34:55 IST" duration-ms="14123">
      <class name="com.Automation.TestScripts.Login">
        <test-method is-config="true" signature="repconfig()[pri:0, instance:com.Automation.TestScripts.Login@7db12bb6]" started-at="2023-03-11T17:34:41 IST" name="repconfig" finished-at="2023-03-11T17:34:41 IST" duration-ms="196" status="PASS">
          <reporter-output>
          </reporter-output>
        </test-method> <!-- repconfig -->
        <test-method is-config="true" signature="openBrowser()[pri:0, instance:com.Automation.TestScripts.Login@7db12bb6]" started-at="2023-03-11T17:34:41 IST" name="openBrowser" finished-at="2023-03-11T17:34:43 IST" duration-ms="1356" status="PASS">
          <reporter-output>
          </reporter-output>
        </test-method> <!-- openBrowser -->
        <test-method is-config="true" signature="openapp()[pri:0, instance:com.Automation.TestScripts.Login@7db12bb6]" started-at="2023-03-11T17:34:43 IST" name="openapp" finished-at="2023-03-11T17:34:55 IST" duration-ms="12276" status="PASS">
          <reporter-output>
          </reporter-output>
        </test-method> <!-- openapp -->
        <test-method signature="OPenApp()[pri:0, instance:com.Automation.TestScripts.Login@7db12bb6]" started-at="2023-03-11T17:34:55 IST" name="OPenApp" finished-at="2023-03-11T17:34:55 IST" duration-ms="13" status="PASS">
          <reporter-output>
          </reporter-output>
        </test-method> <!-- OPenApp -->
        <test-method is-config="true" signature="closeapp()[pri:0, instance:com.Automation.TestScripts.Login@7db12bb6]" started-at="2023-03-11T17:34:55 IST" name="closeapp" finished-at="2023-03-11T17:34:55 IST" duration-ms="161" status="PASS">
          <reporter-output>
          </reporter-output>
        </test-method> <!-- closeapp -->
        <test-method is-config="true" signature="closeBrowser()[pri:0, instance:com.Automation.TestScripts.Login@7db12bb6]" started-at="2023-03-11T17:34:55 IST" name="closeBrowser" finished-at="2023-03-11T17:34:55 IST" duration-ms="73" status="PASS">
          <reporter-output>
          </reporter-output>
        </test-method> <!-- closeBrowser -->
      </class> <!-- com.Automation.TestScripts.Login -->
    </test> <!-- Default test -->
  </suite> <!-- Default suite -->
</testng-results>
